<?xml version="1.0" encoding="UTF-8"?>
<!-- Generated by org.testng.reporters.JUnitXMLReporter -->
<testsuite hostname="ELM-VJAMI" ignored="1" name="Default test" tests="1" failures="0" timestamp="03 Jul 2018 13:06:31 GMT" time="18.531" errors="0">
  <testcase name="loginTest" time="7.932" classname="org.t360.testcases.LoginPageTest"/>
  <testcase name="validateLoginPageTest" time="0.0" classname="org.t360.testcases.LoginPageTest">
    <ignored/>
  </testcase> <!-- validateLoginPageTest -->
</testsuite> <!-- Default test -->
